<?xml version="1.0" encoding="UTF-8"?>
<testsuite xmlns:xsi="http://www.w3.org/2001/XMLSchema-instance" xsi:noNamespaceSchemaLocation="https://maven.apache.org/surefire/maven-surefire-plugin/xsd/surefire-test-report.xsd" name="com.aem.miscosoft.core.models.HelloWorldModelTest" time="0.035" tests="1" errors="0" skipped="0" failures="0">
  <properties>
    <property name="gopherProxySet" value="false"/>
    <property name="awt.toolkit" value="sun.lwawt.macosx.LWCToolkit"/>
    <property name="file.encoding.pkg" value="sun.io"/>
    <property name="java.specification.version" value="1.8"/>
    <property name="sun.cpu.isalist" value=""/>
    <property name="sun.jnu.encoding" value="UTF-8"/>
    <property name="java.class.path" value="/Users/zospakir/Development/maven/repos/org/apache/maven/surefire/surefire-booter/2.22.1/surefire-booter-2.22.1.jar:/Users/zospakir/Development/maven/repos/org/apache/maven/surefire/surefire-api/2.22.1/surefire-api-2.22.1.jar:/Users/zospakir/Development/maven/repos/org/apache/maven/surefire/surefire-logger-api/2.22.1/surefire-logger-api-2.22.1.jar:/Users/zospakir/Projects/AEM/Code/microsoft-team/aem-microsoft-team/core/target/test-classes:/Users/zospakir/Projects/AEM/Code/microsoft-team/aem-microsoft-team/core/target/classes:/Users/zospakir/Development/maven/repos/uk/org/lidalia/slf4j-test/1.0.1/slf4j-test-1.0.1.jar:/Users/zospakir/Development/maven/repos/uk/org/lidalia/lidalia-lang/1.0.0/lidalia-lang-1.0.0.jar:/Users/zospakir/Development/maven/repos/org/apache/commons/commons-lang3/3.1/commons-lang3-3.1.jar:/Users/zospakir/Development/maven/repos/com/google/guava/guava/14.0.1/guava-14.0.1.jar:/Users/zospakir/Development/maven/repos/uk/org/lidalia/lidalia-slf4j-ext/1.0.0/lidalia-slf4j-ext-1.0.0.jar:/Users/zospakir/Development/maven/repos/joda-time/joda-time/2.2/joda-time-2.2.jar:/Users/zospakir/Development/maven/repos/org/osgi/org.osgi.annotation.versioning/1.1.0/org.osgi.annotation.versioning-1.1.0.jar:/Users/zospakir/Development/maven/repos/org/osgi/org.osgi.annotation.bundle/1.0.0/org.osgi.annotation.bundle-1.0.0.jar:/Users/zospakir/Development/maven/repos/org/osgi/org.osgi.service.metatype.annotations/1.4.0/org.osgi.service.metatype.annotations-1.4.0.jar:/Users/zospakir/Development/maven/repos/org/osgi/org.osgi.service.component.annotations/1.4.0/org.osgi.service.component.annotations-1.4.0.jar:/Users/zospakir/Development/maven/repos/org/osgi/org.osgi.service.component/1.4.0/org.osgi.service.component-1.4.0.jar:/Users/zospakir/Development/maven/repos/org/osgi/org.osgi.service.cm/1.6.0/org.osgi.service.cm-1.6.0.jar:/Users/zospakir/Development/maven/repos/org/osgi/org.osgi.service.event/1.3.1/org.osgi.service.event-1.3.1.jar:/Users/zospakir/Development/maven/repos/org/osgi/org.osgi.service.log/1.4.0/org.osgi.service.log-1.4.0.jar:/Users/zospakir/Development/maven/repos/org/osgi/org.osgi.framework/1.9.0/org.osgi.framework-1.9.0.jar:/Users/zospakir/Development/maven/repos/org/osgi/org.osgi.resource/1.0.0/org.osgi.resource-1.0.0.jar:/Users/zospakir/Development/maven/repos/org/slf4j/slf4j-api/1.7.21/slf4j-api-1.7.21.jar:/Users/zospakir/Development/maven/repos/javax/jcr/jcr/2.0/jcr-2.0.jar:/Users/zospakir/Development/maven/repos/javax/servlet/javax.servlet-api/3.1.0/javax.servlet-api-3.1.0.jar:/Users/zospakir/Development/maven/repos/javax/annotation/javax.annotation-api/1.3.2/javax.annotation-api-1.3.2.jar:/Users/zospakir/Development/maven/repos/org/apache/sling/org.apache.sling.servlets.annotations/1.2.4/org.apache.sling.servlets.annotations-1.2.4.jar:/Users/zospakir/Development/maven/repos/com/adobe/aem/uber-jar/6.5.0/uber-jar-6.5.0-apis.jar:/Users/zospakir/Development/maven/repos/org/apache/sling/org.apache.sling.models.api/1.3.6/org.apache.sling.models.api-1.3.6.jar:/Users/zospakir/Development/maven/repos/org/junit/jupiter/junit-jupiter/5.4.1/junit-jupiter-5.4.1.jar:/Users/zospakir/Development/maven/repos/org/junit/jupiter/junit-jupiter-api/5.4.1/junit-jupiter-api-5.4.1.jar:/Users/zospakir/Development/maven/repos/org/apiguardian/apiguardian-api/1.0.0/apiguardian-api-1.0.0.jar:/Users/zospakir/Development/maven/repos/org/opentest4j/opentest4j/1.1.1/opentest4j-1.1.1.jar:/Users/zospakir/Development/maven/repos/org/junit/platform/junit-platform-commons/1.4.1/junit-platform-commons-1.4.1.jar:/Users/zospakir/Development/maven/repos/org/junit/jupiter/junit-jupiter-params/5.4.1/junit-jupiter-params-5.4.1.jar:/Users/zospakir/Development/maven/repos/org/junit/jupiter/junit-jupiter-engine/5.4.1/junit-jupiter-engine-5.4.1.jar:/Users/zospakir/Development/maven/repos/org/junit/platform/junit-platform-engine/1.4.1/junit-platform-engine-1.4.1.jar:/Users/zospakir/Development/maven/repos/org/mockito/mockito-core/2.25.1/mockito-core-2.25.1.jar:/Users/zospakir/Development/maven/repos/net/bytebuddy/byte-buddy/1.9.7/byte-buddy-1.9.7.jar:/Users/zospakir/Development/maven/repos/net/bytebuddy/byte-buddy-agent/1.9.7/byte-buddy-agent-1.9.7.jar:/Users/zospakir/Development/maven/repos/org/objenesis/objenesis/2.6/objenesis-2.6.jar:/Users/zospakir/Development/maven/repos/org/mockito/mockito-junit-jupiter/2.25.1/mockito-junit-jupiter-2.25.1.jar:/Users/zospakir/Development/maven/repos/junit-addons/junit-addons/1.4/junit-addons-1.4.jar:/Users/zospakir/Development/maven/repos/junit/junit/3.8.1/junit-3.8.1.jar:/Users/zospakir/Development/maven/repos/xerces/xercesImpl/2.6.2/xercesImpl-2.6.2.jar:/Users/zospakir/Development/maven/repos/xerces/xmlParserAPIs/2.6.2/xmlParserAPIs-2.6.2.jar:/Users/zospakir/Development/maven/repos/io/wcm/io.wcm.testing.aem-mock.junit5/2.5.2/io.wcm.testing.aem-mock.junit5-2.5.2.jar:/Users/zospakir/Development/maven/repos/io/wcm/io.wcm.testing.aem-mock.core/2.5.2/io.wcm.testing.aem-mock.core-2.5.2.jar:/Users/zospakir/Development/maven/repos/org/apache/sling/org.apache.sling.api/2.11.0/org.apache.sling.api-2.11.0.jar:/Users/zospakir/Development/maven/repos/org/apache/jackrabbit/jackrabbit-jcr-commons/2.12.1/jackrabbit-jcr-commons-2.12.1.jar:/Users/zospakir/Development/maven/repos/org/apache/sling/org.apache.sling.commons.osgi/2.4.0/org.apache.sling.commons.osgi-2.4.0.jar:/Users/zospakir/Development/maven/repos/org/apache/sling/org.apache.sling.resourceresolver/1.4.8/org.apache.sling.resourceresolver-1.4.8.jar:/Users/zospakir/Development/maven/repos/org/apache/sling/org.apache.sling.serviceusermapper/1.2.2/org.apache.sling.serviceusermapper-1.2.2.jar:/Users/zospakir/Development/maven/repos/org/apache/sling/org.apache.sling.jcr.api/2.3.0/org.apache.sling.jcr.api-2.3.0.jar:/Users/zospakir/Development/maven/repos/org/apache/sling/org.apache.sling.jcr.resource/2.7.4/org.apache.sling.jcr.resource-2.7.4.jar:/Users/zospakir/Development/maven/repos/org/apache/sling/org.apache.sling.commons.mime/2.1.8/org.apache.sling.commons.mime-2.1.8.jar:/Users/zospakir/Development/maven/repos/org/apache/sling/org.apache.sling.commons.json/2.0.16/org.apache.sling.commons.json-2.0.16.jar:/Users/zospakir/Development/maven/repos/org/apache/sling/org.apache.sling.commons.classloader/1.3.2/org.apache.sling.commons.classloader-1.3.2.jar:/Users/zospakir/Development/maven/repos/org/apache/sling/org.apache.sling.settings/1.3.8/org.apache.sling.settings-1.3.8.jar:/Users/zospakir/Development/maven/repos/org/apache/sling/org.apache.sling.i18n/2.4.4/org.apache.sling.i18n-2.4.4.jar:/Users/zospakir/Development/maven/repos/org/apache/sling/org.apache.sling.models.impl/1.2.2/org.apache.sling.models.impl-1.2.2.jar:/Users/zospakir/Development/maven/repos/commons-beanutils/commons-beanutils/1.8.3/commons-beanutils-1.8.3.jar:/Users/zospakir/Development/maven/repos/commons-logging/commons-logging/1.1.1/commons-logging-1.1.1.jar:/Users/zospakir/Development/maven/repos/org/apache/jackrabbit/oak-jcr/1.4.1/oak-jcr-1.4.1.jar:/Users/zospakir/Development/maven/repos/org/apache/jackrabbit/oak-core/1.4.1/oak-core-1.4.1.jar:/Users/zospakir/Development/maven/repos/org/apache/jackrabbit/oak-blob/1.4.1/oak-blob-1.4.1.jar:/Users/zospakir/Development/maven/repos/commons-codec/commons-codec/1.5/commons-codec-1.5.jar:/Users/zospakir/Development/maven/repos/org/apache/jackrabbit/oak-segment/1.4.1/oak-segment-1.4.1.jar:/Users/zospakir/Development/maven/repos/org/apache/jackrabbit/oak-commons/1.4.1/oak-commons-1.4.1.jar:/Users/zospakir/Development/maven/repos/org/apache/jackrabbit/jackrabbit-api/2.12.1/jackrabbit-api-2.12.1.jar:/Users/zospakir/Development/maven/repos/org/apache/sling/org.apache.sling.testing.jcr-mock/1.4.4/org.apache.sling.testing.jcr-mock-1.4.4.jar:/Users/zospakir/Development/maven/repos/org/apache/sling/org.apache.sling.testing.osgi-mock.core/2.4.8/org.apache.sling.testing.osgi-mock.core-2.4.8.jar:/Users/zospakir/Development/maven/repos/commons-io/commons-io/2.4/commons-io-2.4.jar:/Users/zospakir/Development/maven/repos/org/reflections/reflections/0.9.9/reflections-0.9.9.jar:/Users/zospakir/Development/maven/repos/org/javassist/javassist/3.18.2-GA/javassist-3.18.2-GA.jar:/Users/zospakir/Development/maven/repos/org/apache/sling/org.apache.sling.testing.sling-mock.core/2.3.14/org.apache.sling.testing.sling-mock.core-2.3.14.jar:/Users/zospakir/Development/maven/repos/org/apache/sling/org.apache.sling.scripting.api/2.1.8/org.apache.sling.scripting.api-2.1.8.jar:/Users/zospakir/Development/maven/repos/org/apache/sling/org.apache.sling.scripting.core/2.0.36/org.apache.sling.scripting.core-2.0.36.jar:/Users/zospakir/Development/maven/repos/org/apache/sling/org.apache.sling.jcr.contentparser/1.2.6/org.apache.sling.jcr.contentparser-1.2.6.jar:/Users/zospakir/Development/maven/repos/org/apache/jackrabbit/vault/org.apache.jackrabbit.vault/3.1.18/org.apache.jackrabbit.vault-3.1.18.jar:/Users/zospakir/Development/maven/repos/org/apache/johnzon/johnzon-core/1.0.0/johnzon-core-1.0.0.jar:/Users/zospakir/Development/maven/repos/org/apache/sling/org.apache.sling.adapter/2.1.6/org.apache.sling.adapter-2.1.6.jar:/Users/zospakir/Development/maven/repos/org/apache/sling/org.apache.sling.resourcebuilder/1.0.4/org.apache.sling.resourcebuilder-1.0.4.jar:/Users/zospakir/Development/maven/repos/commons-collections/commons-collections/3.2.2/commons-collections-3.2.2.jar:/Users/zospakir/Development/maven/repos/commons-lang/commons-lang/2.5/commons-lang-2.5.jar:/Users/zospakir/Development/maven/repos/org/apache/geronimo/specs/geronimo-atinject_1.0_spec/1.0/geronimo-atinject_1.0_spec-1.0.jar:/Users/zospakir/Development/maven/repos/org/apache/geronimo/specs/geronimo-json_1.1_spec/1.0/geronimo-json_1.1_spec-1.0.jar:/Users/zospakir/Development/maven/repos/org/apache/sling/org.apache.sling.testing.resourceresolver-mock/1.1.24/org.apache.sling.testing.resourceresolver-mock-1.1.24.jar:/Users/zospakir/Development/maven/repos/org/apache/sling/org.apache.sling.servlet-helpers/1.2.0/org.apache.sling.servlet-helpers-1.2.0.jar:/Users/zospakir/Development/maven/repos/org/apache/commons/commons-imaging/1.0-R1534292/commons-imaging-1.0-R1534292.jar:/Users/zospakir/Development/maven/repos/javax/servlet/jsp/jsp-api/2.1/jsp-api-2.1.jar:/Users/zospakir/Development/maven/repos/com/day/commons/day-commons-gfx/2.1.28/day-commons-gfx-2.1.28.jar:/Users/zospakir/Development/maven/repos/com/day/commons/day-commons-any/2.0.0/day-commons-any-2.0.0.jar:/Users/zospakir/Development/maven/repos/com/day/commons/day-commons-text/1.1.3/day-commons-text-1.1.3.jar:/Users/zospakir/Development/maven/repos/org/apache/sling/org.apache.sling.engine/2.6.22/org.apache.sling.engine-2.6.22.jar:/Users/zospakir/Development/maven/repos/org/apache/maven/surefire/surefire-junit-platform/2.22.1/surefire-junit-platform-2.22.1.jar:/Users/zospakir/Development/maven/repos/org/junit/platform/junit-platform-launcher/1.3.1/junit-platform-launcher-1.3.1.jar"/>
    <property name="java.vm.vendor" value="Oracle Corporation"/>
    <property name="sun.arch.data.model" value="64"/>
    <property name="java.vendor.url" value="http://java.oracle.com/"/>
    <property name="user.timezone" value=""/>
    <property name="user.country.format" value="IN"/>
    <property name="java.vm.specification.version" value="1.8"/>
    <property name="os.name" value="Mac OS X"/>
    <property name="user.country" value="GB"/>
    <property name="sun.java.launcher" value="SUN_STANDARD"/>
    <property name="sun.boot.library.path" value="/Library/Java/JavaVirtualMachines/jdk1.8.0_211.jdk/Contents/Home/jre/lib"/>
    <property name="sun.java.command" value="org.apache.maven.surefire.booter.ForkedBooter /Users/zospakir/Projects/AEM/Code/microsoft-team/aem-microsoft-team/core/target/surefire 2020-04-11T19-03-38_155-jvmRun1 surefire5577172000446621892tmp surefire_04689651199664316096tmp"/>
    <property name="surefire.test.class.path" value="/Users/zospakir/Projects/AEM/Code/microsoft-team/aem-microsoft-team/core/target/test-classes:/Users/zospakir/Projects/AEM/Code/microsoft-team/aem-microsoft-team/core/target/classes:/Users/zospakir/Development/maven/repos/uk/org/lidalia/slf4j-test/1.0.1/slf4j-test-1.0.1.jar:/Users/zospakir/Development/maven/repos/uk/org/lidalia/lidalia-lang/1.0.0/lidalia-lang-1.0.0.jar:/Users/zospakir/Development/maven/repos/org/apache/commons/commons-lang3/3.1/commons-lang3-3.1.jar:/Users/zospakir/Development/maven/repos/com/google/guava/guava/14.0.1/guava-14.0.1.jar:/Users/zospakir/Development/maven/repos/uk/org/lidalia/lidalia-slf4j-ext/1.0.0/lidalia-slf4j-ext-1.0.0.jar:/Users/zospakir/Development/maven/repos/joda-time/joda-time/2.2/joda-time-2.2.jar:/Users/zospakir/Development/maven/repos/org/osgi/org.osgi.annotation.versioning/1.1.0/org.osgi.annotation.versioning-1.1.0.jar:/Users/zospakir/Development/maven/repos/org/osgi/org.osgi.annotation.bundle/1.0.0/org.osgi.annotation.bundle-1.0.0.jar:/Users/zospakir/Development/maven/repos/org/osgi/org.osgi.service.metatype.annotations/1.4.0/org.osgi.service.metatype.annotations-1.4.0.jar:/Users/zospakir/Development/maven/repos/org/osgi/org.osgi.service.component.annotations/1.4.0/org.osgi.service.component.annotations-1.4.0.jar:/Users/zospakir/Development/maven/repos/org/osgi/org.osgi.service.component/1.4.0/org.osgi.service.component-1.4.0.jar:/Users/zospakir/Development/maven/repos/org/osgi/org.osgi.service.cm/1.6.0/org.osgi.service.cm-1.6.0.jar:/Users/zospakir/Development/maven/repos/org/osgi/org.osgi.service.event/1.3.1/org.osgi.service.event-1.3.1.jar:/Users/zospakir/Development/maven/repos/org/osgi/org.osgi.service.log/1.4.0/org.osgi.service.log-1.4.0.jar:/Users/zospakir/Development/maven/repos/org/osgi/org.osgi.framework/1.9.0/org.osgi.framework-1.9.0.jar:/Users/zospakir/Development/maven/repos/org/osgi/org.osgi.resource/1.0.0/org.osgi.resource-1.0.0.jar:/Users/zospakir/Development/maven/repos/org/slf4j/slf4j-api/1.7.21/slf4j-api-1.7.21.jar:/Users/zospakir/Development/maven/repos/javax/jcr/jcr/2.0/jcr-2.0.jar:/Users/zospakir/Development/maven/repos/javax/servlet/javax.servlet-api/3.1.0/javax.servlet-api-3.1.0.jar:/Users/zospakir/Development/maven/repos/javax/annotation/javax.annotation-api/1.3.2/javax.annotation-api-1.3.2.jar:/Users/zospakir/Development/maven/repos/org/apache/sling/org.apache.sling.servlets.annotations/1.2.4/org.apache.sling.servlets.annotations-1.2.4.jar:/Users/zospakir/Development/maven/repos/com/adobe/aem/uber-jar/6.5.0/uber-jar-6.5.0-apis.jar:/Users/zospakir/Development/maven/repos/org/apache/sling/org.apache.sling.models.api/1.3.6/org.apache.sling.models.api-1.3.6.jar:/Users/zospakir/Development/maven/repos/org/junit/jupiter/junit-jupiter/5.4.1/junit-jupiter-5.4.1.jar:/Users/zospakir/Development/maven/repos/org/junit/jupiter/junit-jupiter-api/5.4.1/junit-jupiter-api-5.4.1.jar:/Users/zospakir/Development/maven/repos/org/apiguardian/apiguardian-api/1.0.0/apiguardian-api-1.0.0.jar:/Users/zospakir/Development/maven/repos/org/opentest4j/opentest4j/1.1.1/opentest4j-1.1.1.jar:/Users/zospakir/Development/maven/repos/org/junit/platform/junit-platform-commons/1.4.1/junit-platform-commons-1.4.1.jar:/Users/zospakir/Development/maven/repos/org/junit/jupiter/junit-jupiter-params/5.4.1/junit-jupiter-params-5.4.1.jar:/Users/zospakir/Development/maven/repos/org/junit/jupiter/junit-jupiter-engine/5.4.1/junit-jupiter-engine-5.4.1.jar:/Users/zospakir/Development/maven/repos/org/junit/platform/junit-platform-engine/1.4.1/junit-platform-engine-1.4.1.jar:/Users/zospakir/Development/maven/repos/org/mockito/mockito-core/2.25.1/mockito-core-2.25.1.jar:/Users/zospakir/Development/maven/repos/net/bytebuddy/byte-buddy/1.9.7/byte-buddy-1.9.7.jar:/Users/zospakir/Development/maven/repos/net/bytebuddy/byte-buddy-agent/1.9.7/byte-buddy-agent-1.9.7.jar:/Users/zospakir/Development/maven/repos/org/objenesis/objenesis/2.6/objenesis-2.6.jar:/Users/zospakir/Development/maven/repos/org/mockito/mockito-junit-jupiter/2.25.1/mockito-junit-jupiter-2.25.1.jar:/Users/zospakir/Development/maven/repos/junit-addons/junit-addons/1.4/junit-addons-1.4.jar:/Users/zospakir/Development/maven/repos/junit/junit/3.8.1/junit-3.8.1.jar:/Users/zospakir/Development/maven/repos/xerces/xercesImpl/2.6.2/xercesImpl-2.6.2.jar:/Users/zospakir/Development/maven/repos/xerces/xmlParserAPIs/2.6.2/xmlParserAPIs-2.6.2.jar:/Users/zospakir/Development/maven/repos/io/wcm/io.wcm.testing.aem-mock.junit5/2.5.2/io.wcm.testing.aem-mock.junit5-2.5.2.jar:/Users/zospakir/Development/maven/repos/io/wcm/io.wcm.testing.aem-mock.core/2.5.2/io.wcm.testing.aem-mock.core-2.5.2.jar:/Users/zospakir/Development/maven/repos/org/apache/sling/org.apache.sling.api/2.11.0/org.apache.sling.api-2.11.0.jar:/Users/zospakir/Development/maven/repos/org/apache/jackrabbit/jackrabbit-jcr-commons/2.12.1/jackrabbit-jcr-commons-2.12.1.jar:/Users/zospakir/Development/maven/repos/org/apache/sling/org.apache.sling.commons.osgi/2.4.0/org.apache.sling.commons.osgi-2.4.0.jar:/Users/zospakir/Development/maven/repos/org/apache/sling/org.apache.sling.resourceresolver/1.4.8/org.apache.sling.resourceresolver-1.4.8.jar:/Users/zospakir/Development/maven/repos/org/apache/sling/org.apache.sling.serviceusermapper/1.2.2/org.apache.sling.serviceusermapper-1.2.2.jar:/Users/zospakir/Development/maven/repos/org/apache/sling/org.apache.sling.jcr.api/2.3.0/org.apache.sling.jcr.api-2.3.0.jar:/Users/zospakir/Development/maven/repos/org/apache/sling/org.apache.sling.jcr.resource/2.7.4/org.apache.sling.jcr.resource-2.7.4.jar:/Users/zospakir/Development/maven/repos/org/apache/sling/org.apache.sling.commons.mime/2.1.8/org.apache.sling.commons.mime-2.1.8.jar:/Users/zospakir/Development/maven/repos/org/apache/sling/org.apache.sling.commons.json/2.0.16/org.apache.sling.commons.json-2.0.16.jar:/Users/zospakir/Development/maven/repos/org/apache/sling/org.apache.sling.commons.classloader/1.3.2/org.apache.sling.commons.classloader-1.3.2.jar:/Users/zospakir/Development/maven/repos/org/apache/sling/org.apache.sling.settings/1.3.8/org.apache.sling.settings-1.3.8.jar:/Users/zospakir/Development/maven/repos/org/apache/sling/org.apache.sling.i18n/2.4.4/org.apache.sling.i18n-2.4.4.jar:/Users/zospakir/Development/maven/repos/org/apache/sling/org.apache.sling.models.impl/1.2.2/org.apache.sling.models.impl-1.2.2.jar:/Users/zospakir/Development/maven/repos/commons-beanutils/commons-beanutils/1.8.3/commons-beanutils-1.8.3.jar:/Users/zospakir/Development/maven/repos/commons-logging/commons-logging/1.1.1/commons-logging-1.1.1.jar:/Users/zospakir/Development/maven/repos/org/apache/jackrabbit/oak-jcr/1.4.1/oak-jcr-1.4.1.jar:/Users/zospakir/Development/maven/repos/org/apache/jackrabbit/oak-core/1.4.1/oak-core-1.4.1.jar:/Users/zospakir/Development/maven/repos/org/apache/jackrabbit/oak-blob/1.4.1/oak-blob-1.4.1.jar:/Users/zospakir/Development/maven/repos/commons-codec/commons-codec/1.5/commons-codec-1.5.jar:/Users/zospakir/Development/maven/repos/org/apache/jackrabbit/oak-segment/1.4.1/oak-segment-1.4.1.jar:/Users/zospakir/Development/maven/repos/org/apache/jackrabbit/oak-commons/1.4.1/oak-commons-1.4.1.jar:/Users/zospakir/Development/maven/repos/org/apache/jackrabbit/jackrabbit-api/2.12.1/jackrabbit-api-2.12.1.jar:/Users/zospakir/Development/maven/repos/org/apache/sling/org.apache.sling.testing.jcr-mock/1.4.4/org.apache.sling.testing.jcr-mock-1.4.4.jar:/Users/zospakir/Development/maven/repos/org/apache/sling/org.apache.sling.testing.osgi-mock.core/2.4.8/org.apache.sling.testing.osgi-mock.core-2.4.8.jar:/Users/zospakir/Development/maven/repos/commons-io/commons-io/2.4/commons-io-2.4.jar:/Users/zospakir/Development/maven/repos/org/reflections/reflections/0.9.9/reflections-0.9.9.jar:/Users/zospakir/Development/maven/repos/org/javassist/javassist/3.18.2-GA/javassist-3.18.2-GA.jar:/Users/zospakir/Development/maven/repos/org/apache/sling/org.apache.sling.testing.sling-mock.core/2.3.14/org.apache.sling.testing.sling-mock.core-2.3.14.jar:/Users/zospakir/Development/maven/repos/org/apache/sling/org.apache.sling.scripting.api/2.1.8/org.apache.sling.scripting.api-2.1.8.jar:/Users/zospakir/Development/maven/repos/org/apache/sling/org.apache.sling.scripting.core/2.0.36/org.apache.sling.scripting.core-2.0.36.jar:/Users/zospakir/Development/maven/repos/org/apache/sling/org.apache.sling.jcr.contentparser/1.2.6/org.apache.sling.jcr.contentparser-1.2.6.jar:/Users/zospakir/Development/maven/repos/org/apache/jackrabbit/vault/org.apache.jackrabbit.vault/3.1.18/org.apache.jackrabbit.vault-3.1.18.jar:/Users/zospakir/Development/maven/repos/org/apache/johnzon/johnzon-core/1.0.0/johnzon-core-1.0.0.jar:/Users/zospakir/Development/maven/repos/org/apache/sling/org.apache.sling.adapter/2.1.6/org.apache.sling.adapter-2.1.6.jar:/Users/zospakir/Development/maven/repos/org/apache/sling/org.apache.sling.resourcebuilder/1.0.4/org.apache.sling.resourcebuilder-1.0.4.jar:/Users/zospakir/Development/maven/repos/commons-collections/commons-collections/3.2.2/commons-collections-3.2.2.jar:/Users/zospakir/Development/maven/repos/commons-lang/commons-lang/2.5/commons-lang-2.5.jar:/Users/zospakir/Development/maven/repos/org/apache/geronimo/specs/geronimo-atinject_1.0_spec/1.0/geronimo-atinject_1.0_spec-1.0.jar:/Users/zospakir/Development/maven/repos/org/apache/geronimo/specs/geronimo-json_1.1_spec/1.0/geronimo-json_1.1_spec-1.0.jar:/Users/zospakir/Development/maven/repos/org/apache/sling/org.apache.sling.testing.resourceresolver-mock/1.1.24/org.apache.sling.testing.resourceresolver-mock-1.1.24.jar:/Users/zospakir/Development/maven/repos/org/apache/sling/org.apache.sling.servlet-helpers/1.2.0/org.apache.sling.servlet-helpers-1.2.0.jar:/Users/zospakir/Development/maven/repos/org/apache/commons/commons-imaging/1.0-R1534292/commons-imaging-1.0-R1534292.jar:/Users/zospakir/Development/maven/repos/javax/servlet/jsp/jsp-api/2.1/jsp-api-2.1.jar:/Users/zospakir/Development/maven/repos/com/day/commons/day-commons-gfx/2.1.28/day-commons-gfx-2.1.28.jar:/Users/zospakir/Development/maven/repos/com/day/commons/day-commons-any/2.0.0/day-commons-any-2.0.0.jar:/Users/zospakir/Development/maven/repos/com/day/commons/day-commons-text/1.1.3/day-commons-text-1.1.3.jar:/Users/zospakir/Development/maven/repos/org/apache/sling/org.apache.sling.engine/2.6.22/org.apache.sling.engine-2.6.22.jar:"/>
    <property name="sun.cpu.endian" value="little"/>
    <property name="user.home" value="/Users/zospakir"/>
    <property name="user.language" value="en"/>
    <property name="java.specification.vendor" value="Oracle Corporation"/>
    <property name="java.home" value="/Library/Java/JavaVirtualMachines/jdk1.8.0_211.jdk/Contents/Home/jre"/>
    <property name="basedir" value="/Users/zospakir/Projects/AEM/Code/microsoft-team/aem-microsoft-team/core"/>
    <property name="file.separator" value="/"/>
    <property name="line.separator" value="&#10;"/>
    <property name="java.vm.specification.vendor" value="Oracle Corporation"/>
    <property name="java.specification.name" value="Java Platform API Specification"/>
    <property name="java.awt.graphicsenv" value="sun.awt.CGraphicsEnvironment"/>
    <property name="sun.boot.class.path" value="/Library/Java/JavaVirtualMachines/jdk1.8.0_211.jdk/Contents/Home/jre/lib/resources.jar:/Library/Java/JavaVirtualMachines/jdk1.8.0_211.jdk/Contents/Home/jre/lib/rt.jar:/Library/Java/JavaVirtualMachines/jdk1.8.0_211.jdk/Contents/Home/jre/lib/sunrsasign.jar:/Library/Java/JavaVirtualMachines/jdk1.8.0_211.jdk/Contents/Home/jre/lib/jsse.jar:/Library/Java/JavaVirtualMachines/jdk1.8.0_211.jdk/Contents/Home/jre/lib/jce.jar:/Library/Java/JavaVirtualMachines/jdk1.8.0_211.jdk/Contents/Home/jre/lib/charsets.jar:/Library/Java/JavaVirtualMachines/jdk1.8.0_211.jdk/Contents/Home/jre/lib/jfr.jar:/Library/Java/JavaVirtualMachines/jdk1.8.0_211.jdk/Contents/Home/jre/classes"/>
    <property name="sun.management.compiler" value="HotSpot 64-Bit Tiered Compilers"/>
    <property name="java.runtime.version" value="1.8.0_211-b12"/>
    <property name="user.name" value="zospakir"/>
    <property name="path.separator" value=":"/>
    <property name="os.version" value="10.15.4"/>
    <property name="java.endorsed.dirs" value="/Library/Java/JavaVirtualMachines/jdk1.8.0_211.jdk/Contents/Home/jre/lib/endorsed"/>
    <property name="java.runtime.name" value="Java(TM) SE Runtime Environment"/>
    <property name="file.encoding" value="UTF-8"/>
    <property name="java.vm.name" value="Java HotSpot(TM) 64-Bit Server VM"/>
    <property name="localRepository" value="/Users/zospakir/Development/maven/repos"/>
    <property name="java.vendor.url.bug" value="http://bugreport.sun.com/bugreport/"/>
    <property name="java.io.tmpdir" value="/var/folders/b7/vzhwc6ws6c39m28msdyhtysc0000gq/T/"/>
    <property name="java.version" value="1.8.0_211"/>
    <property name="user.dir" value="/Users/zospakir/Projects/AEM/Code/microsoft-team/aem-microsoft-team/core"/>
    <property name="os.arch" value="x86_64"/>
    <property name="java.vm.specification.name" value="Java Virtual Machine Specification"/>
    <property name="java.awt.printerjob" value="sun.lwawt.macosx.CPrinterJob"/>
    <property name="sun.os.patch.level" value="unknown"/>
    <property name="java.library.path" value="/Users/zospakir/Library/Java/Extensions:/Library/Java/Extensions:/Network/Library/Java/Extensions:/System/Library/Java/Extensions:/usr/lib/java:."/>
    <property name="java.vm.info" value="mixed mode"/>
    <property name="java.vendor" value="Oracle Corporation"/>
    <property name="java.vm.version" value="25.211-b12"/>
    <property name="java.ext.dirs" value="/Users/zospakir/Library/Java/Extensions:/Library/Java/JavaVirtualMachines/jdk1.8.0_211.jdk/Contents/Home/jre/lib/ext:/Library/Java/Extensions:/Network/Library/Java/Extensions:/System/Library/Java/Extensions:/usr/lib/java"/>
    <property name="sun.io.unicode.encoding" value="UnicodeBig"/>
    <property name="java.class.version" value="52.0"/>
  </properties>
  <testcase name="testGetMessage" classname="com.aem.miscosoft.core.models.HelloWorldModelTest" time="0.034"/>
</testsuite>